 AUTO_SET ks_solver to genelpa
 Input  warning : gamma_only_local algorithm is not used.
 AUTO_SET lcao_ecut to 60
 In SCAN_BEGIN, can't find: LATTICE_PARAMETERS block.
 In SCAN_BEGIN, can't find: <PP_SPIN_ORB> block.
 In SCAN_END, can't find: </PP_SPIN_ORB> block.
 In SCAN_END, can't find: </UPF> block.
 dft_functional readin is: pbe
 dft_functional in pseudopot file is: PBE
 In SCAN_BEGIN, can't find: <PP_SPIN_ORB> block.
 In SCAN_END, can't find: </PP_SPIN_ORB> block.
 In SCAN_END, can't find: </UPF> block.
 dft_functional readin is: pbe
 dft_functional in pseudopot file is: PBE
 AUTO_SET NBANDS to 0
 AUTO_SET NBANDS to 30
 functional  warning : file ./src_pw/xc_type.cpp line 297 may error 
 functional  warning : file ./src_pw/xc_type.cpp line 297 may error 
                            startmag_type = 1
                       charge from rho_at = 2.88725
                         charge should be = 3
                       charge from rho_at = 16.9755
                         charge should be = 17

 SETUP ATOMIC RHO FOR SPIN 1
                 Electron number from rho = 40
           total electron number from rho = 40
                                should be = 40
                 charge before normalized = 40
                  charge after normalized = 40
      Processor           Atom
              1             22
              2             22
              3             20
              4             21
              5             21
              6             19
              7             21
              8             21
              9             20
             10             20
             11             20
             12             20
             13             22
             14             22
             15             21
             16             21

 CHECK UPDATE INPUT INFORMATION
                 charge before normalized = 40.0003813726124
                  charge after normalized = 40

 CHECK UPDATE INPUT INFORMATION
                 charge before normalized = 40.0004198288658
                  charge after normalized = 40

 CHECK UPDATE INPUT INFORMATION
                 charge before normalized = 40.0004479319782
                  charge after normalized = 40

 CHECK UPDATE INPUT INFORMATION
                 charge before normalized = 40.0004471653865
                  charge after normalized = 40

 CHECK UPDATE INPUT INFORMATION
                 charge before normalized = 40.0004471632584
                  charge after normalized = 40

 CHECK UPDATE INPUT INFORMATION
                 charge before normalized = 40.0004475537682
                  charge after normalized = 40

 CHECK UPDATE INPUT INFORMATION
                 charge before normalized = 40.0004475576365
                  charge after normalized = 40

 CHECK UPDATE INPUT INFORMATION
                 charge before normalized = 40.0004475589677
                  charge after normalized = 40

 CHECK UPDATE INPUT INFORMATION
                 charge before normalized = 40.0004475594678
                  charge after normalized = 40
                 charge before normalized = 40
                  charge after normalized = 40
